
ROM used:   2256/8192 (28%)
            2286/8192 (28%) including unused fragments

            1.9 Average locations per line
            15.9 Average locations per statement

RAM used:   15/368 (4%) at main() level
            57/368 (15%) worst case

Stack used: 5 worst case (5 in main + 0 for interrupts)
Stack size: 8

Lines Stmts  %   Files
----- ----- ---  -----
   80    42  30  pic16f877a_with_AHT11.c
  671     0   0  ..\..\..\..\Program Files (x86)\PICC\Devices\16F877A.h
  456   100  70  ..\..\..\..\Program Files (x86)\PICC\Drivers\lcd.c
----- -----
 1207   142 Total

Page ROM  %  RAM   Vol Diff  Functions:
---- --- --- ---   --- ----  ----------
0     20   1    1             @delay_ms1
 Inline         3             @I2C_READ_1
0     52   2    1             @I2C_WRITE_1
 Inline         3   760  4.5  lcd_read_byte
0     49   2    2   262  3.7  lcd_read_nibble
0     52   2    1   399  2.4  lcd_send_nibble
0    122   5    3   415  3.7  lcd_send_byte
0     88   4    6   852  6.2  lcd_init
0     18   1    4   208  6.3  lcd_gotoxy
0     44   2    1   354  4.7  lcd_putc
0     41   2    0    74  1.2  aht10_init
0     46   2    0   114  1.3  aht10_trigger_measurement
0    705  31   28   929 10.0  aht10_read
0     27   1    4             @DTOF
0    117   5   13             @MULFF
0    202   9   14             @DIVFF
 Inline        16             @ADDFF
0    144   6    9   472  4.0  MAIN
0     10   0    0             @const687
0     86   4    4             @PSTRINGC7_650
0      1   0    0             @const689
0      9   0    0             @const690
0     87   4    5             @PSTRINGCN7_650
 Inline         5             @FTOSD
0     79   4   13             @DIV3232
1    238  11   13             @PRINTF_L32D_650FPFPF
0      7   0    0             @const701
0      8   0    0             @const702
 Inline         0             @cinit1

Program metrics:
    Functions               11
    Statements              142
    Comments                233
    Volume (V)              7652
    Difficulty (D)          45.3
    Effort to implement (E) 346966
    Time to implement (T)   5 hours, 21 minutes
    Est Delivered Bugs (B)  2
    Cyclomatic Complexity   11
    Maintainability (MI)    133

 Segment     Used  Free
-----------  ----  ----
00000-00003     4  0  
00004-007FF  2014  30  
00800-00FFF   238  1810  
01000-017FF     0  2048  
01800-01FFF     0  2048  



